#
# A fatal error has been detected by the Java Runtime Environment:
#
#  EXCEPTION_ACCESS_VIOLATION (0xc0000005) at pc=0x00000000737b9aea, pid=11244, tid=0x00000000000001b0
#
# JRE version: OpenJDK Runtime Environment (8.0_242-b01) (build 1.8.0_242-release-1644-b01)
# Java VM: OpenJDK 64-Bit Server VM (25.242-b01 mixed mode windows-amd64 compressed oops)
# Problematic frame:
# V  [jvm.dll+0x3c9aea]
#
# Failed to write core dump. Minidumps are not enabled by default on client versions of Windows
#
# If you would like to submit a bug report, please visit:
#   
#

---------------  T H R E A D  ---------------

Current thread (0x00000000030e8800):  GCTaskThread [stack: 0x0000000012750000,0x0000000012850000] [id=432]

siginfo: ExceptionCode=0xc0000005, reading address 0x0000000000000108

Registers:
RAX=0x0000000000000000, RBX=0x00000000000017ed, RCX=0x0000000100000f08, RDX=0x00000000031bdd90
RSP=0x000000001284f500, RBP=0x000000001284f619, RSI=0x00000000031bdd90, RDI=0x00000000031bdd90
R8 =0x00000000e15eee68, R9 =0x0000000100000f08, R10=0x000000000000000c, R11=0x00000000739bfa28
R12=0x0000000073a0d5d8, R13=0x00000000030e38e0, R14=0x00000000030e8a50, R15=0x0000000000000000
RIP=0x00000000737b9aea, EFLAGS=0x0000000000010202

Top of Stack: (sp=0x000000001284f500)
0x000000001284f500:   0000000014bc9fc0 000000001284f619
0x000000001284f510:   00000000031bdd90 0000000073a0d5d8
0x000000001284f520:   0000000014bc8a58 000000001284f5d0
0x000000001284f530:   00000000178b35a0 000000000000000e
0x000000001284f540:   00000000031bdd90 00000000734de4d2
0x000000001284f550:   00000000e000d148 0000000000000000
0x000000001284f560:   0000000000000000 00000000030e38e0
0x000000001284f570:   00000000030e8a60 00000000030e8a50
0x000000001284f580:   0000000073a0d5d8 00000000031bdd90
0x000000001284f590:   0000000000000000 000000001284f619
0x000000001284f5a0:   00000000031736b0 00000000737b6cc0
0x000000001284f5b0:   00000000e15eee68 0000000000000000
0x000000001284f5c0:   00000000031bdd90 000000001284f619
0x000000001284f5d0:   0000000073a0c570 00000000030d1a00
0x000000001284f5e0:   00000000031bdd90 0000000073a0c598
0x000000001284f5f0:   00000000030e3800 000000001284f5d0 

Instructions: (pc=0x00000000737b9aea)
0x00000000737b9aca:   00 74 28 8b 0d e5 bb 39 00 45 8b 48 08 48 8b d6
0x00000000737b9ada:   49 d3 e1 4c 03 0d cc bb 39 00 49 8b c9 49 8b 01
0x00000000737b9aea:   ff 90 08 01 00 00 e9 1b ff ff ff 4d 8b 48 08 48
0x00000000737b9afa:   8b d6 49 8b 01 49 8b c9 ff 90 08 01 00 00 e9 03 


Register to memory mapping:

RAX=0x0000000000000000 is an unknown value
RBX=0x00000000000017ed is an unknown value
RCX=0x0000000100000f08 is pointing into metadata
RDX=0x00000000031bdd90 is an unknown value
RSP=0x000000001284f500 is an unknown value
RBP=0x000000001284f619 is an unknown value
RSI=0x00000000031bdd90 is an unknown value
RDI=0x00000000031bdd90 is an unknown value
R8 =